Command: cargo fmt --all --check
Normalized command: cargo fmt --all --check
Intent: lint
CWD: /var/folders/2_/jrlm4hkj0v5fqt93j8dr80h80000gp/T/pads-harness-test-agent-1-k2rsiR/solar
Timeout: 120000ms
Exit code: 1
Duration: 1411ms

STDOUT:
Diff in /private/var/folders/2_/jrlm4hkj0v5fqt93j8dr80h80000gp/T/pads-harness-test-agent-1-k2rsiR/solar/tools/tester/src/solc/solidity.rs:16:
     fn for_path(path: &Path) -> Self {
         let path_contains = path_contains_curry(path);
 
-        if path_contains("/libyul/") {
-            Self::Yul
-        } else {
-            Self::Solidity
-        }
+        if path_contains("/libyul/") { Self::Yul } else { Self::Solidity }
     }
 
     fn solidity_skip_reason(self) -> Option<&'static str> {


STDERR:
Warning: can't set `wrap_comments = true`, unstable features are only available in nightly channel.
Warning: can't set `format_code_in_doc_comments = true`, unstable features are only available in nightly channel.
Warning: can't set `doc_comment_code_block_width = 100`, unstable features are only available in nightly channel.
Warning: can't set `comment_width = 100`, unstable features are only available in nightly channel.
Warning: can't set `format_macro_matchers = true`, unstable features are only available in nightly channel.
Warning: can't set `imports_granularity = Crate`, unstable features are only available in nightly channel.
Warning: can't set `wrap_comments = true`, unstable features are only available in nightly channel.
Warning: can't set `format_code_in_doc_comments = true`, unstable features are only available in nightly channel.
Warning: can't set `doc_comment_code_block_width = 100`, unstable features are only available in nightly channel.
Warning: can't set `comment_width = 100`, unstable features are only available in nightly channel.
Warning: can't set `format_macro_matchers = true`, unstable features are only available in nightly channel.
Warning: can't set `imports_granularity = Crate`, unstable features are only available in nightly channel.
Warning: can't set `wrap_comments = true`, unstable features are only available in nightly channel.
Warning: can't set `format_code_in_doc_comments = true`, unstable features are only available in nightly channel.
Warning: can't set `doc_comment_code_block_width = 100`, unstable features are only available in nightly channel.
Warning: can't set `comment_width = 100`, unstable features are only available in nightly channel.
Warning: can't set `format_macro_matchers = true`, unstable features are only available in nightly channel.
Warning: can't set `imports_granularity = Crate`, unstable features are only available in nightly channel.
Warning: can't set `wrap_comments = true`, unstable features are only available in nightly channel.
Warning: can't set `format_code_in_doc_comments = true`, unstable features are only available in nightly channel.
Warning: can't set `doc_comment_code_block_width = 100`, unstable features are only available in nightly channel.
Warning: can't set `comment_width = 100`, unstable features are only available in nightly channel.
Warning: can't set `format_macro_matchers = true`, unstable features are only available in nightly channel.
Warning: can't set `imports_granularity = Crate`, unstable features are only available in nightly channel.
Warning: can't set `wrap_comments = true`, unstable features are only available in nightly channel.
Warning: can't set `format_code_in_doc_comments = true`, unstable features are only available in nightly channel.
Warning: can't set `doc_comment_code_block_width = 100`, unstable features are only available in nightly channel.
Warning: can't set `comment_width = 100`, unstable features are only available in nightly channel.
Warning: can't set `format_macro_matchers = true`, unstable features are only available in nightly channel.
Warning: can't set `imports_granularity = Crate`, unstable features are only available in nightly channel.
Warning: can't set `wrap_comments = true`, unstable features are only available in nightly channel.
Warning: can't set `format_code_in_doc_comments = true`, unstable features are only available in nightly channel.
Warning: can't set `doc_comment_code_block_width = 100`, unstable features are only available in nightly channel.
Warning: can't set `comment_width = 100`, unstable features are only available in nightly channel.
Warning: can't set `format_macro_matchers = true`, unstable features are only available in nightly channel.
Warning: can't set `imports_granularity = Crate`, unstable features are only available in nightly channel.
Warning: can't set `wrap_comments = true`, unstable features are only available in nightly channel.
Warning: can't set `format_code_in_doc_comments = true`, unstable features are only available in nightly channel.
Warning: can't set `doc_comment_code_block_width = 100`, unstable features are only available in nightly channel.
Warning: can't set `comment_width = 100`, unstable features are only available in nightly channel.
Warning: can't set `format_macro_matchers = true`, unstable features are only available in nightly channel.
Warning: can't set `imports_granularity = Crate`, unstable features are only available in nightly channel.
Warning: can't set `wrap_comments = true`, unstable features are only available in nightly channel.
Warning: can't set `format_code_in_doc_comments = true`, unstable features are only available in nightly channel.
Warning: can't set `doc_comment_code_block_width = 100`, unstable features are only available in nightly channel.
Warning: can't set `comment_width = 100`, unstable features are only available in nightly channel.
Warning: can't set `format_macro_matchers = true`, unstable features are only available in nightly channel.
Warning: can't set `imports_granularity = Crate`, unstable features are only available in nightly channel.
Warning: can't set `wrap_comments = true`, unstable features are only available in nightly channel.
Warning: can't set `format_code_in_doc_comments = true`, unstable features are only available in nightly channel.
Warning: can't set `doc_comment_code_block_width = 100`, unstable features are only available in nightly channel.
Warning: can't set `comment_width = 100`, unstable features are only available in nightly channel.
Warning: can't set `format_macro_matchers = true`, unstable features are only available in nightly channel.
Warning: can't set `imports_granularity = Crate`, unstable features are only available in nightly channel.
Warning: can't set `wrap_comments = true`, unstable features are only available in nightly channel.
Warning: can't set `format_code_in_doc_comments = true`, unstable features are only available in nightly channel.
Warning: can't set `doc_comment_code_block_width = 100`, unstable features are only available in nightly channel.
Warning: can't set `comment_width = 100`, unstable features are only available in nightly channel.
Warning: can't set `format_macro_matchers = true`, unstable features are only available in nightly channel.
Warning: can't set `imports_granularity = Crate`, unstable features are only available in nightly channel.
Warning: can't set `wrap_comments = true`, unstable features are only available in nightly channel.
Warning: can't set `format_code_in_doc_comments = true`, unstable features are only available in nightly channel.
Warning: can't set `doc_comment_code_block_width = 100`, unstable features are only available in nightly channel.
Warning: can't set `comment_width = 100`, unstable features are only available in nightly channel.
Warning: can't set `format_macro_matchers = true`, unstable features are only available in nightly channel.
Warning: can't set `imports_granularity = Crate`, unstable features are only available in nightly channel.
Warning: can't set `wrap_comments = true`, unstable features are only available in nightly channel.
Warning: can't set `format_code_in_doc_comments = true`, unstable features are only available in nightly channel.
Warning: can't set `doc_comment_code_block_width = 100`, unstable features are only available in nightly channel.
Warning: can't set `comment_width = 100`, unstable features are only available in nightly channel.
Warning: can't set `format_macro_matchers = true`, unstable features are only available in nightly channel.
Warning: can't set `imports_granularity = Crate`, unstable features are only available in nightly channel.
Warning: can't set `wrap_comments = true`, unstable features are only available in nightly channel.
Warning: can't set `format_code_in_doc_comments = true`, unstable features are only available in nightly channel.
Warning: can't set `doc_comment_code_block_width = 100`, unstable features are only available in nightly channel.
Warning: can't set `comment_width = 100`, unstable features are only available in nightly channel.
Warning: can't set `format_macro_matchers = true`, unstable features are only available in nightly channel.
Warning: can't set `imports_granularity = Crate`, unstable features are only available in nightly channel.
Warning: can't set `wrap_comments = true`, unstable features are only available in nightly channel.
Warning: can't set `format_code_in_doc_comments = true`, unstable features are only available in nightly channel.
Warning: can't set `doc_comment_code_block_width = 100`, unstable features are only available in nightly channel.
Warning: can't set `comment_width = 100`, unstable features are only available in nightly channel.
Warning: can't set `format_macro_matchers = true`, unstable features are only available in nightly channel.
Warning: can't set `imports_granularity = Crate`, unstable features are only available in nightly channel.
Warning: can't set `wrap_comments = true`, unstable features are only available in nightly channel.
Warning: can't set `format_code_in_doc_comments = true`, unstable features are only available in nightly channel.
Warning: can't set `doc_comment_code_block_width = 100`, unstable features are only available in nightly channel.
Warning: can't set `comment_width = 100`, unstable features are only available in nightly channel.
Warning: can't set `format_macro_matchers = true`, unstable features are only available in nightly channel.
Warning: can't set `imports_granularity = Crate`, unstable features are only available in nightly channel.
Warning: can't set `wrap_comments = true`, unstable features are only available in nightly channel.
Warning: can't set `format_code_in_doc_comments = true`, unstable features are only available in nightly channel.
Warning: can't set `doc_comment_code_block_width = 100`, unstable features are only available in nightly channel.
Warning: can't set `comment_width = 100`, unstable features are only available in nightly channel.
Warning: can't set `format_macro_matchers = true`, unstable features are only available in nightly channel.
Warning: can't set `imports_granularity = Crate`, unstable features are only available in nightly channel.
Warning: can't set `wrap_comments = true`, unstable features are only available in nightly channel.
Warning: can't set `format_code_in_doc_comments = true`, unstable features are only available in nightly channel.
Warning: can't set `doc_comment_code_block_width = 100`, unstable features are only available in nightly channel.
Warning: can't set `comment_width = 100`, unstable features are only available in nightly channel.
Warning: can't set `format_macro_matchers = true`, unstable features are only available in nightly channel.
Warning: can't set `imports_granularity = Crate`, unstable features are only available in nightly channel.
Warning: can't set `wrap_comments = true`, unstable features are only available in nightly channel.
Warning: can't set `format_code_in_doc_comments = true`, unstable features are only available in nightly channel.
Warning: can't set `doc_comment_code_block_width = 100`, unstable features are only available in nightly channel.
Warning: can't set `comment_width = 100`, unstable features are only available in nightly channel.
Warning: can't set `format_macro_matchers = true`, unstable features are only available in nightly channel.
Warning: can't set `imports_granularity = Crate`, unstable features are only available in nightly channel.
