Command: cargo fmt --all --check
Normalized command: cargo fmt --all --check
Intent: lint
CWD: /var/folders/2_/jrlm4hkj0v5fqt93j8dr80h80000gp/T/pads-harness-test-agent-1-k2rsiR/solar
Timeout: 120000ms
Exit code: 0
Duration: 363ms

STDERR:
Warning: can't set `wrap_comments = true`, unstable features are only available in nightly channel.
Warning: can't set `format_code_in_doc_comments = true`, unstable features are only available in nightly channel.
Warning: can't set `doc_comment_code_block_width = 100`, unstable features are only available in nightly channel.
Warning: can't set `comment_width = 100`, unstable features are only available in nightly channel.
Warning: can't set `format_macro_matchers = true`, unstable features are only available in nightly channel.
Warning: can't set `imports_granularity = Crate`, unstable features are only available in nightly channel.
Warning: can't set `wrap_comments = true`, unstable features are only available in nightly channel.
Warning: can't set `format_code_in_doc_comments = true`, unstable features are only available in nightly channel.
Warning: can't set `doc_comment_code_block_width = 100`, unstable features are only available in nightly channel.
Warning: can't set `comment_width = 100`, unstable features are only available in nightly channel.
Warning: can't set `format_macro_matchers = true`, unstable features are only available in nightly channel.
Warning: can't set `imports_granularity = Crate`, unstable features are only available in nightly channel.
Warning: can't set `wrap_comments = true`, unstable features are only available in nightly channel.
Warning: can't set `format_code_in_doc_comments = true`, unstable features are only available in nightly channel.
Warning: can't set `doc_comment_code_block_width = 100`, unstable features are only available in nightly channel.
Warning: can't set `comment_width = 100`, unstable features are only available in nightly channel.
Warning: can't set `format_macro_matchers = true`, unstable features are only available in nightly channel.
Warning: can't set `imports_granularity = Crate`, unstable features are only available in nightly channel.
Warning: can't set `wrap_comments = true`, unstable features are only available in nightly channel.
Warning: can't set `format_code_in_doc_comments = true`, unstable features are only available in nightly channel.
Warning: can't set `doc_comment_code_block_width = 100`, unstable features are only available in nightly channel.
Warning: can't set `comment_width = 100`, unstable features are only available in nightly channel.
Warning: can't set `format_macro_matchers = true`, unstable features are only available in nightly channel.
Warning: can't set `imports_granularity = Crate`, unstable features are only available in nightly channel.
Warning: can't set `wrap_comments = true`, unstable features are only available in nightly channel.
Warning: can't set `format_code_in_doc_comments = true`, unstable features are only available in nightly channel.
Warning: can't set `doc_comment_code_block_width = 100`, unstable features are only available in nightly channel.
Warning: can't set `comment_width = 100`, unstable features are only available in nightly channel.
Warning: can't set `format_macro_matchers = true`, unstable features are only available in nightly channel.
Warning: can't set `imports_granularity = Crate`, unstable features are only available in nightly channel.
Warning: can't set `wrap_comments = true`, unstable features are only available in nightly channel.
Warning: can't set `format_code_in_doc_comments = true`, unstable features are only available in nightly channel.
Warning: can't set `doc_comment_code_block_width = 100`, unstable features are only available in nightly channel.
Warning: can't set `comment_width = 100`, unstable features are only available in nightly channel.
Warning: can't set `format_macro_matchers = true`, unstable features are only available in nightly channel.
Warning: can't set `imports_granularity = Crate`, unstable features are only available in nightly channel.
Warning: can't set `wrap_comments = true`, unstable features are only available in nightly channel.
Warning: can't set `format_code_in_doc_comments = true`, unstable features are only available in nightly channel.
Warning: can't set `doc_comment_code_block_width = 100`, unstable features are only available in nightly channel.
Warning: can't set `comment_width = 100`, unstable features are only available in nightly channel.
Warning: can't set `format_macro_matchers = true`, unstable features are only available in nightly channel.
Warning: can't set `imports_granularity = Crate`, unstable features are only available in nightly channel.
Warning: can't set `wrap_comments = true`, unstable features are only available in nightly channel.
Warning: can't set `format_code_in_doc_comments = true`, unstable features are only available in nightly channel.
Warning: can't set `doc_comment_code_block_width = 100`, unstable features are only available in nightly channel.
Warning: can't set `comment_width = 100`, unstable features are only available in nightly channel.
Warning: can't set `format_macro_matchers = true`, unstable features are only available in nightly channel.
Warning: can't set `imports_granularity = Crate`, unstable features are only available in nightly channel.
Warning: can't set `wrap_comments = true`, unstable features are only available in nightly channel.
Warning: can't set `format_code_in_doc_comments = true`, unstable features are only available in nightly channel.
Warning: can't set `doc_comment_code_block_width = 100`, unstable features are only available in nightly channel.
Warning: can't set `comment_width = 100`, unstable features are only available in nightly channel.
Warning: can't set `format_macro_matchers = true`, unstable features are only available in nightly channel.
Warning: can't set `imports_granularity = Crate`, unstable features are only available in nightly channel.
Warning: can't set `wrap_comments = true`, unstable features are only available in nightly channel.
Warning: can't set `format_code_in_doc_comments = true`, unstable features are only available in nightly channel.
Warning: can't set `doc_comment_code_block_width = 100`, unstable features are only available in nightly channel.
Warning: can't set `comment_width = 100`, unstable features are only available in nightly channel.
Warning: can't set `format_macro_matchers = true`, unstable features are only available in nightly channel.
Warning: can't set `imports_granularity = Crate`, unstable features are only available in nightly channel.
Warning: can't set `wrap_comments = true`, unstable features are only available in nightly channel.
Warning: can't set `format_code_in_doc_comments = true`, unstable features are only available in nightly channel.
Warning: can't set `doc_comment_code_block_width = 100`, unstable features are only available in nightly channel.
Warning: can't set `comment_width = 100`, unstable features are only available in nightly channel.
Warning: can't set `format_macro_matchers = true`, unstable features are only available in nightly channel.
Warning: can't set `imports_granularity = Crate`, unstable features are only available in nightly channel.
Warning: can't set `wrap_comments = true`, unstable features are only available in nightly channel.
Warning: can't set `format_code_in_doc_comments = true`, unstable features are only available in nightly channel.
Warning: can't set `doc_comment_code_block_width = 100`, unstable features are only available in nightly channel.
Warning: can't set `comment_width = 100`, unstable features are only available in nightly channel.
Warning: can't set `format_macro_matchers = true`, unstable features are only available in nightly channel.
Warning: can't set `imports_granularity = Crate`, unstable features are only available in nightly channel.
Warning: can't set `wrap_comments = true`, unstable features are only available in nightly channel.
Warning: can't set `format_code_in_doc_comments = true`, unstable features are only available in nightly channel.
Warning: can't set `doc_comment_code_block_width = 100`, unstable features are only available in nightly channel.
Warning: can't set `comment_width = 100`, unstable features are only available in nightly channel.
Warning: can't set `format_macro_matchers = true`, unstable features are only available in nightly channel.
Warning: can't set `imports_granularity = Crate`, unstable features are only available in nightly channel.
Warning: can't set `wrap_comments = true`, unstable features are only available in nightly channel.
Warning: can't set `format_code_in_doc_comments = true`, unstable features are only available in nightly channel.
Warning: can't set `doc_comment_code_block_width = 100`, unstable features are only available in nightly channel.
Warning: can't set `comment_width = 100`, unstable features are only available in nightly channel.
Warning: can't set `format_macro_matchers = true`, unstable features are only available in nightly channel.
Warning: can't set `imports_granularity = Crate`, unstable features are only available in nightly channel.
Warning: can't set `wrap_comments = true`, unstable features are only available in nightly channel.
Warning: can't set `format_code_in_doc_comments = true`, unstable features are only available in nightly channel.
Warning: can't set `doc_comment_code_block_width = 100`, unstable features are only available in nightly channel.
Warning: can't set `comment_width = 100`, unstable features are only available in nightly channel.
Warning: can't set `format_macro_matchers = true`, unstable features are only available in nightly channel.
Warning: can't set `imports_granularity = Crate`, unstable features are only available in nightly channel.
Warning: can't set `wrap_comments = true`, unstable features are only available in nightly channel.
Warning: can't set `format_code_in_doc_comments = true`, unstable features are only available in nightly channel.
Warning: can't set `doc_comment_code_block_width = 100`, unstable features are only available in nightly channel.
Warning: can't set `comment_width = 100`, unstable features are only available in nightly channel.
Warning: can't set `format_macro_matchers = true`, unstable features are only available in nightly channel.
Warning: can't set `imports_granularity = Crate`, unstable features are only available in nightly channel.
Warning: can't set `wrap_comments = true`, unstable features are only available in nightly channel.
Warning: can't set `format_code_in_doc_comments = true`, unstable features are only available in nightly channel.
Warning: can't set `doc_comment_code_block_width = 100`, unstable features are only available in nightly channel.
Warning: can't set `comment_width = 100`, unstable features are only available in nightly channel.
Warning: can't set `format_macro_matchers = true`, unstable features are only available in nightly channel.
Warning: can't set `imports_granularity = Crate`, unstable features are only available in nightly channel.
Warning: can't set `wrap_comments = true`, unstable features are only available in nightly channel.
Warning: can't set `format_code_in_doc_comments = true`, unstable features are only available in nightly channel.
Warning: can't set `doc_comment_code_block_width = 100`, unstable features are only available in nightly channel.
Warning: can't set `comment_width = 100`, unstable features are only available in nightly channel.
Warning: can't set `format_macro_matchers = true`, unstable features are only available in nightly channel.
Warning: can't set `imports_granularity = Crate`, unstable features are only available in nightly channel.
